2026-06-03 15:15:03,608 - ERROR - DataBase Error : Execution failed on sql 'SELECT * FROM weather GROUP BY Date': no such table: weather
Traceback (most recent call last):
  File "/home/reader/programming/pythons/myenv/lib/python3.12/site-packages/pandas/io/sql.py", line 2702, in execute
    cur.execute(sql, *args)
sqlite3.OperationalError: no such table: weather

The above exception was the direct cause of the following exception:

Traceback (most recent call last):
  File "/home/reader/programming/pythons/API_Practice/weather_api.py", line 170, in ViewSaveData
    df = pd.read_sql_query("SELECT * FROM weather GROUP BY Date", conn)
         ^^^^^^^^^^^^^^^^^^^^^^^^^^^^^^^^^^^^^^^^^^^^^^^^^^^^^^^^^^^^^^
  File "/home/reader/programming/pythons/myenv/lib/python3.12/site-packages/pandas/io/sql.py", line 497, in read_sql_query
    return pandas_sql.read_query(
           ^^^^^^^^^^^^^^^^^^^^^^
  File "/home/reader/programming/pythons/myenv/lib/python3.12/site-packages/pandas/io/sql.py", line 2766, in read_query
    cursor = self.execute(sql, params)
             ^^^^^^^^^^^^^^^^^^^^^^^^^
  File "/home/reader/programming/pythons/myenv/lib/python3.12/site-packages/pandas/io/sql.py", line 2714, in execute
    raise ex from exc
pandas.errors.DatabaseError: Execution failed on sql 'SELECT * FROM weather GROUP BY Date': no such table: weather
2026-06-03 15:15:22,302 - ERROR - DataBase Error : Execution failed on sql 'SELECT * FROM weather GROUP BY Date': no such table: weather
Traceback (most recent call last):
  File "/home/reader/programming/pythons/myenv/lib/python3.12/site-packages/pandas/io/sql.py", line 2702, in execute
    cur.execute(sql, *args)
sqlite3.OperationalError: no such table: weather

The above exception was the direct cause of the following exception:

Traceback (most recent call last):
  File "/home/reader/programming/pythons/API_Practice/weather_api.py", line 170, in ViewSaveData
    df = pd.read_sql_query("SELECT * FROM weather GROUP BY Date", conn)
         ^^^^^^^^^^^^^^^^^^^^^^^^^^^^^^^^^^^^^^^^^^^^^^^^^^^^^^^^^^^^^^
  File "/home/reader/programming/pythons/myenv/lib/python3.12/site-packages/pandas/io/sql.py", line 497, in read_sql_query
    return pandas_sql.read_query(
           ^^^^^^^^^^^^^^^^^^^^^^
  File "/home/reader/programming/pythons/myenv/lib/python3.12/site-packages/pandas/io/sql.py", line 2766, in read_query
    cursor = self.execute(sql, params)
             ^^^^^^^^^^^^^^^^^^^^^^^^^
  File "/home/reader/programming/pythons/myenv/lib/python3.12/site-packages/pandas/io/sql.py", line 2714, in execute
    raise ex from exc
pandas.errors.DatabaseError: Execution failed on sql 'SELECT * FROM weather GROUP BY Date': no such table: weather
